# JRE version: Java(TM) SE Runtime Environment (8.0_101-b13) (build 1.8.0_101-b13)
# Java VM: Java HotSpot(TM) 64-Bit Server VM (25.101-b13 mixed mode windows-amd64 compressed oops)
Heap:
 PSYoungGen      total 122880K, used 32707K [0x00000000eab00000, 0x00000000f3900000, 0x0000000100000000)
  eden space 102400K, 11% used [0x00000000eab00000,0x00000000eb6f2ac8,0x00000000f0f00000)
  from space 20480K, 99% used [0x00000000f0f00000,0x00000000f22fe3f0,0x00000000f2300000)
  to   space 18432K, 0% used [0x00000000f2300000,0x00000000f2300000,0x00000000f3500000)
 ParOldGen       total 87552K, used 51604K [0x00000000c0000000, 0x00000000c5580000, 0x00000000eab00000)
  object space 87552K, 58% used [0x00000000c0000000,0x00000000c3265188,0x00000000c5580000)
 Metaspace       used 6599K, capacity 7256K, committed 7424K, reserved 1056768K
  class space    used 628K, capacity 656K, committed 768K, reserved 1048576K
GC Heap History (10 events):
Event: 6.088 GC heap before
{Heap before GC invocations=5 (full 0):
 PSYoungGen      total 71680K, used 71649K [0x00000000eab00000, 0x00000000ef600000, 0x0000000100000000)
  eden space 66560K, 100% used [0x00000000eab00000,0x00000000eec00000,0x00000000eec00000)
  from space 5120K, 99% used [0x00000000ef100000,0x00000000ef5f85b0,0x00000000ef600000)
  to   space 5120K, 0% used [0x00000000eec00000,0x00000000eec00000,0x00000000ef100000)
 ParOldGen       total 87552K, used 14319K [0x00000000c0000000, 0x00000000c5580000, 0x00000000eab00000)
  object space 87552K, 16% used [0x00000000c0000000,0x00000000c0dfbd20,0x00000000c5580000)
 Metaspace       used 6393K, capacity 7156K, committed 7296K, reserved 1056768K
  class space    used 608K, capacity 620K, committed 640K, reserved 1048576K
Event: 6.155 GC heap after
Heap after GC invocations=5 (full 0):
 PSYoungGen      total 71680K, used 5105K [0x00000000eab00000, 0x00000000ef600000, 0x0000000100000000)
  eden space 66560K, 0% used [0x00000000eab00000,0x00000000eab00000,0x00000000eec00000)
  from space 5120K, 99% used [0x00000000eec00000,0x00000000ef0fc790,0x00000000ef100000)
  to   space 5120K, 0% used [0x00000000ef100000,0x00000000ef100000,0x00000000ef600000)
 ParOldGen       total 87552K, used 25058K [0x00000000c0000000, 0x00000000c5580000, 0x00000000eab00000)
  object space 87552K, 28% used [0x00000000c0000000,0x00000000c18788d0,0x00000000c5580000)
 Metaspace       used 6393K, capacity 7156K, committed 7296K, reserved 1056768K
  class space    used 608K, capacity 620K, committed 640K, reserved 1048576K
}
Event: 8.244 GC heap before
{Heap before GC invocations=6 (full 0):
 PSYoungGen      total 71680K, used 71665K [0x00000000eab00000, 0x00000000ef600000, 0x0000000100000000)
  eden space 66560K, 100% used [0x00000000eab00000,0x00000000eec00000,0x00000000eec00000)
  from space 5120K, 99% used [0x00000000eec00000,0x00000000ef0fc790,0x00000000ef100000)
  to   space 5120K, 0% used [0x00000000ef100000,0x00000000ef100000,0x00000000ef600000)
 ParOldGen       total 87552K, used 25058K [0x00000000c0000000, 0x00000000c5580000, 0x00000000eab00000)
  object space 87552K, 28% used [0x00000000c0000000,0x00000000c18788d0,0x00000000c5580000)
 Metaspace       used 6432K, capacity 7156K, committed 7296K, reserved 1056768K
  class space    used 608K, capacity 620K, committed 640K, reserved 1048576K
Event: 8.632 GC heap after
Heap after GC invocations=6 (full 0):
 PSYoungGen      total 57344K, used 5110K [0x00000000eab00000, 0x00000000f5300000, 0x0000000100000000)
  eden space 52224K, 0% used [0x00000000eab00000,0x00000000eab00000,0x00000000ede00000)
  from space 5120K, 99% used [0x00000000ef100000,0x00000000ef5fd990,0x00000000ef600000)
  to   space 19456K, 0% used [0x00000000ede00000,0x00000000ede00000,0x00000000ef100000)
 ParOldGen       total 87552K, used 36152K [0x00000000c0000000, 0x00000000c5580000, 0x00000000eab00000)
  object space 87552K, 41% used [0x00000000c0000000,0x00000000c234e150,0x00000000c5580000)
 Metaspace       used 6432K, capacity 7156K, committed 7296K, reserved 1056768K
  class space    used 608K, capacity 620K, committed 640K, reserved 1048576K
}
Event: 10.333 GC heap before
{Heap before GC invocations=7 (full 0):
 PSYoungGen      total 57344K, used 57334K [0x00000000eab00000, 0x00000000f5300000, 0x0000000100000000)
  eden space 52224K, 100% used [0x00000000eab00000,0x00000000ede00000,0x00000000ede00000)
  from space 5120K, 99% used [0x00000000ef100000,0x00000000ef5fd990,0x00000000ef600000)
  to   space 19456K, 0% used [0x00000000ede00000,0x00000000ede00000,0x00000000ef100000)
 ParOldGen       total 87552K, used 36152K [0x00000000c0000000, 0x00000000c5580000, 0x00000000eab00000)
  object space 87552K, 41% used [0x00000000c0000000,0x00000000c234e150,0x00000000c5580000)
 Metaspace       used 6579K, capacity 7256K, committed 7424K, reserved 1056768K
  class space    used 628K, capacity 656K, committed 768K, reserved 1048576K
Event: 10.681 GC heap after
Heap after GC invocations=7 (full 0):
 PSYoungGen      total 71680K, used 10980K [0x00000000eab00000, 0x00000000f3500000, 0x0000000100000000)
  eden space 52224K, 0% used [0x00000000eab00000,0x00000000eab00000,0x00000000ede00000)
  from space 19456K, 56% used [0x00000000ede00000,0x00000000ee8b93f0,0x00000000ef100000)
  to   space 18432K, 0% used [0x00000000f2300000,0x00000000f2300000,0x00000000f3500000)
 ParOldGen       total 87552K, used 38486K [0x00000000c0000000, 0x00000000c5580000, 0x00000000eab00000)
  object space 87552K, 43% used [0x00000000c0000000,0x00000000c2595ae8,0x00000000c5580000)
 Metaspace       used 6579K, capacity 7256K, committed 7424K, reserved 1056768K
  class space    used 628K, capacity 656K, committed 768K, reserved 1048576K
}
Event: 11.948 GC heap before
{Heap before GC invocations=8 (full 0):
 PSYoungGen      total 71680K, used 63204K [0x00000000eab00000, 0x00000000f3500000, 0x0000000100000000)
  eden space 52224K, 100% used [0x00000000eab00000,0x00000000ede00000,0x00000000ede00000)
  from space 19456K, 56% used [0x00000000ede00000,0x00000000ee8b93f0,0x00000000ef100000)
  to   space 18432K, 0% used [0x00000000f2300000,0x00000000f2300000,0x00000000f3500000)
 ParOldGen       total 87552K, used 38486K [0x00000000c0000000, 0x00000000c5580000, 0x00000000eab00000)
  object space 87552K, 43% used [0x00000000c0000000,0x00000000c2595ae8,0x00000000c5580000)
 Metaspace       used 6586K, capacity 7256K, committed 7424K, reserved 1056768K
  class space    used 628K, capacity 656K, committed 768K, reserved 1048576K
Event: 12.440 GC heap after
Heap after GC invocations=8 (full 0):
 PSYoungGen      total 120832K, used 17800K [0x00000000eab00000, 0x00000000f3900000, 0x0000000100000000)
  eden space 102400K, 0% used [0x00000000eab00000,0x00000000eab00000,0x00000000f0f00000)
  from space 18432K, 96% used [0x00000000f2300000,0x00000000f34623c0,0x00000000f3500000)
  to   space 20480K, 0% used [0x00000000f0f00000,0x00000000f0f00000,0x00000000f2300000)
 ParOldGen       total 87552K, used 39740K [0x00000000c0000000, 0x00000000c5580000, 0x00000000eab00000)
  object space 87552K, 45% used [0x00000000c0000000,0x00000000c26cf060,0x00000000c5580000)
 Metaspace       used 6586K, capacity 7256K, committed 7424K, reserved 1056768K
  class space    used 628K, capacity 656K, committed 768K, reserved 1048576K
}
Event: 15.522 GC heap before
{Heap before GC invocations=9 (full 0):
 PSYoungGen      total 120832K, used 120200K [0x00000000eab00000, 0x00000000f3900000, 0x0000000100000000)
  eden space 102400K, 100% used [0x00000000eab00000,0x00000000f0f00000,0x00000000f0f00000)
  from space 18432K, 96% used [0x00000000f2300000,0x00000000f34623c0,0x00000000f3500000)
  to   space 20480K, 0% used [0x00000000f0f00000,0x00000000f0f00000,0x00000000f2300000)
 ParOldGen       total 87552K, used 39740K [0x00000000c0000000, 0x00000000c5580000, 0x00000000eab00000)
  object space 87552K, 45% used [0x00000000c0000000,0x00000000c26cf060,0x00000000c5580000)
 Metaspace       used 6599K, capacity 7256K, committed 7424K, reserved 1056768K
  class space    used 628K, capacity 656K, committed 768K, reserved 1048576K
Event: 15.918 GC heap after
Heap after GC invocations=9 (full 0):
 PSYoungGen      total 122880K, used 20472K [0x00000000eab00000, 0x00000000f3900000, 0x0000000100000000)
  eden space 102400K, 0% used [0x00000000eab00000,0x00000000eab00000,0x00000000f0f00000)
  from space 20480K, 99% used [0x00000000f0f00000,0x00000000f22fe3f0,0x00000000f2300000)
  to   space 18432K, 0% used [0x00000000f2300000,0x00000000f2300000,0x00000000f3500000)
 ParOldGen       total 87552K, used 51604K [0x00000000c0000000, 0x00000000c5580000, 0x00000000eab00000)
  object space 87552K, 58% used [0x00000000c0000000,0x00000000c3265188,0x00000000c5580000)
 Metaspace       used 6599K, capacity 7256K, committed 7424K, reserved 1056768K
  class space    used 628K, capacity 656K, committed 768K, reserved 1048576K
}

